\BOOKMARK [1][-]{section.0}{\376\377\000A\000b\000s\000t\000r\000a\000c\000t}{}% 1
\BOOKMARK [1][-]{section.1}{\376\377\136\070\213\306\122\044\145\255}{}% 2
\BOOKMARK [1][-]{section.2}{\376\377\122\044\145\255\143\250\164\006\040\024\126\376\137\142\143\250\164\006}{}% 3
\BOOKMARK [2][-]{subsection.2.1}{\376\377\117\115\177\156\174\173}{section.2}% 4
\BOOKMARK [2][-]{subsection.2.2}{\376\377\150\067\137\017\174\173}{section.2}% 5
\BOOKMARK [2][-]{subsection.2.3}{\376\377\145\160\221\317\174\173}{section.2}% 6
\BOOKMARK [2][-]{subsection.2.4}{\376\377\121\155\227\142\117\123}{section.2}% 7
\BOOKMARK [1][-]{section.3}{\376\377\122\044\145\255\143\250\164\006\040\024\174\173\153\324\143\250\164\006}{}% 8
\BOOKMARK [2][-]{subsection.3.1}{\376\377\131\026\136\366\121\163\174\373}{section.3}% 9
\BOOKMARK [2][-]{subsection.3.2}{\376\377\121\205\155\265\121\163\174\373}{section.3}% 10
\BOOKMARK [2][-]{subsection.3.3}{\376\377\213\355\116\111\121\163\174\373}{section.3}% 11
\BOOKMARK [2][-]{subsection.3.4}{\376\377\213\355\154\325\121\163\174\373}{section.3}% 12
\BOOKMARK [2][-]{subsection.3.5}{\376\377\133\232\116\111\122\044\145\255}{section.3}% 13
\BOOKMARK [1][-]{section.4}{\376\377\122\044\145\255\143\250\164\006\040\024\220\073\217\221\122\044\145\255}{}% 14
\BOOKMARK [2][-]{subsection.4.1}{\376\377\177\373\213\321\143\250\164\006}{section.4}% 15
\BOOKMARK [3][-]{subsubsection.4.1.1}{\376\377\120\107\212\000\124\175\230\230}{subsection.4.1}% 16
\BOOKMARK [3][-]{subsubsection.4.1.2}{\376\377\200\124\212\000\220\011\212\000}{subsection.4.1}% 17
\BOOKMARK [2][-]{subsection.4.2}{\376\377\167\037\120\107\143\250\164\006}{section.4}% 18
\BOOKMARK [3][-]{subsubsection.4.2.1}{\376\377\167\333\166\376}{subsection.4.2}% 19
\BOOKMARK [3][-]{subsubsection.4.2.2}{\376\377\123\315\133\371}{subsection.4.2}% 20
\BOOKMARK [2][-]{subsection.4.3}{\376\377\122\006\147\220\143\250\164\006}{section.4}% 21
\BOOKMARK [3][-]{subsubsection.4.3.1}{\376\377\230\230\136\162\117\341\140\157\170\156\133\232}{subsection.4.3}% 22
\BOOKMARK [3][-]{subsubsection.4.3.2}{\376\377\230\230\136\162\117\341\140\157\116\015\170\156\133\232}{subsection.4.3}% 23
\BOOKMARK [2][-]{subsection.4.4}{\376\377\137\122\176\263\143\250\164\006}{section.4}% 24
\BOOKMARK [2][-]{subsection.4.5}{\376\377\122\240\137\072\213\272\213\301}{section.4}% 25
\BOOKMARK [3][-]{subsubsection.4.5.1}{\376\377\136\070\211\304\122\240\137\072\213\272\213\301}{subsection.4.5}% 26
\BOOKMARK [3][-]{subsubsection.4.5.2}{\376\377\123\330\137\142\122\240\137\072\213\272\213\301}{subsection.4.5}% 27
\BOOKMARK [1][-]{section.5}{\376\377\145\160\221\317\121\163\174\373}{}% 28
\BOOKMARK [1][-]{section.6}{\376\377\215\104\145\231\122\006\147\220}{}% 29
\BOOKMARK [1][-]{section.7}{\376\377\212\000\213\355\164\006\211\343}{}% 30
\BOOKMARK [1][-]{section.8}{\376\377\152\041\142\337\155\113\213\325\377\010\225\031\230\230\226\306\225\046\377\011}{}% 31
\BOOKMARK [2][-]{subsection.8.1}{\376\377\136\070\213\306\122\044\145\255}{section.8}% 32
\BOOKMARK [2][-]{subsection.8.2}{\376\377\122\044\145\255\143\250\164\006\040\024\126\376\137\142\143\250\164\006}{section.8}% 33
\BOOKMARK [2][-]{subsection.8.3}{\376\377\122\044\145\255\143\250\164\006\040\024\174\173\153\324\143\250\164\006}{section.8}% 34
\BOOKMARK [2][-]{subsection.8.4}{\376\377\122\044\145\255\143\250\164\006\040\024\220\073\217\221\122\044\145\255}{section.8}% 35
\BOOKMARK [2][-]{subsection.8.5}{\376\377\145\160\221\317\121\163\174\373}{section.8}% 36
\BOOKMARK [2][-]{subsection.8.6}{\376\377\215\104\145\231\122\006\147\220}{section.8}% 37
